⚡ HETERO GROUP (CPU+GPU) 6-HOUR BURN STARTED
PID: 1502812
Time: 1772967296
Architecture: CPU(GridWorld+Curiosity+Rhythm) + GPU(SNN)
✅ GPU Layer Initialized
✅ CPU Layer Initialized
[0h1m] Steps: 5800, Energy: 0.51, Reward: 69.51
[0h2m] Steps: 11633, Energy: 0.52, Reward: 139.42
[0h3m] Steps: 17466, Energy: 0.53, Reward: 209.29
[0h4m] Steps: 23304, Energy: 0.53, Reward: 279.24
[0h5m] Steps: 29135, Energy: 0.54, Reward: 349.18
[0h6m] Steps: 34970, Energy: 0.55, Reward: 419.16
[0h7m] Steps: 40809, Energy: 0.56, Reward: 489.19
[0h8m] Steps: 46646, Energy: 0.57, Reward: 559.08
[0h9m] Steps: 52476, Energy: 0.58, Reward: 628.82
[0h10m] Steps: 58311, Energy: 0.58, Reward: 698.62
[0h11m] Steps: 64138, Energy: 0.59, Reward: 768.33
[0h12m] Steps: 69967, Energy: 0.60, Reward: 838.06
[0h13m] Steps: 75800, Energy: 0.61, Reward: 907.84
[0h14m] Steps: 81637, Energy: 0.62, Reward: 977.67
[0h15m] Steps: 87471, Energy: 0.63, Reward: 1047.46
[0h16m] Steps: 93297, Energy: 0.63, Reward: 1117.16
[0h17m] Steps: 99130, Energy: 0.64, Reward: 1186.94
[0h18m] Steps: 104969, Energy: 0.65, Reward: 1256.79
[0h19m] Steps: 110803, Energy: 0.66, Reward: 1326.58
[0h20m] Steps: 116638, Energy: 0.67, Reward: 1396.38
[0h21m] Steps: 122469, Energy: 0.67, Reward: 1466.14
[0h22m] Steps: 128300, Energy: 0.68, Reward: 1535.89
[0h23m] Steps: 134135, Energy: 0.69, Reward: 1605.70
[0h24m] Steps: 139965, Energy: 0.70, Reward: 1675.44
[0h25m] Steps: 145793, Energy: 0.71, Reward: 1745.16
[0h26m] Steps: 151627, Energy: 0.71, Reward: 1814.95
[0h27m] Steps: 157455, Energy: 0.72, Reward: 1884.67
[0h28m] Steps: 163293, Energy: 0.73, Reward: 1954.51
[0h29m] Steps: 169130, Energy: 0.74, Reward: 2024.34
[0h30m] Steps: 174967, Energy: 0.74, Reward: 2094.17
[0h31m] Steps: 180803, Energy: 0.75, Reward: 2163.98
[0h32m] Steps: 186636, Energy: 0.76, Reward: 2233.76
[0h33m] Steps: 192472, Energy: 0.77, Reward: 2303.58
[0h34m] Steps: 198298, Energy: 0.77, Reward: 2373.27
[0h35m] Steps: 204130, Energy: 0.78, Reward: 2443.04
[0h36m] Steps: 209952, Energy: 0.79, Reward: 2512.69
[0h37m] Steps: 215789, Energy: 0.79, Reward: 2582.51
[0h38m] Steps: 221624, Energy: 0.80, Reward: 2652.32
[0h39m] Steps: 227465, Energy: 0.81, Reward: 2722.19
[0h40m] Steps: 233300, Energy: 0.81, Reward: 2792.00
[0h41m] Steps: 239131, Energy: 0.82, Reward: 2861.75
[0h42m] Steps: 244962, Energy: 0.83, Reward: 2931.51
[0h43m] Steps: 250803, Energy: 0.83, Reward: 3001.38
[0h44m] Steps: 256632, Energy: 0.84, Reward: 3071.11
[0h45m] Steps: 262467, Energy: 0.85, Reward: 3140.92
[0h46m] Steps: 268300, Energy: 0.85, Reward: 3210.70
[0h47m] Steps: 274133, Energy: 0.86, Reward: 3280.48
[0h48m] Steps: 279970, Energy: 0.86, Reward: 3350.30
[0h49m] Steps: 285806, Energy: 0.87, Reward: 3420.12
[0h50m] Steps: 291644, Energy: 0.88, Reward: 3489.96
[0h51m] Steps: 297473, Energy: 0.88, Reward: 3559.69
[0h52m] Steps: 303308, Energy: 0.89, Reward: 3629.49
[0h53m] Steps: 309135, Energy: 0.89, Reward: 3699.20
[0h54m] Steps: 314974, Energy: 0.90, Reward: 3769.05
[0h55m] Steps: 320811, Energy: 0.90, Reward: 3838.88
[0h56m] Steps: 326648, Energy: 0.91, Reward: 3908.71
[0h57m] Steps: 332483, Energy: 0.91, Reward: 3978.51
[0h58m] Steps: 338317, Energy: 0.92, Reward: 4048.30
[0h59m] Steps: 344156, Energy: 0.92, Reward: 4118.61
[1h0m] Steps: 349989, Energy: 0.93, Reward: 4189.81
[1h1m] Steps: 355819, Energy: 0.93, Reward: 4260.98
[1h2m] Steps: 361658, Energy: 0.93, Reward: 4332.25
[1h3m] Steps: 367489, Energy: 0.94, Reward: 4403.43
[1h4m] Steps: 373324, Energy: 0.94, Reward: 4474.66
[1h5m] Steps: 379153, Energy: 0.95, Reward: 4545.82
[1h6m] Steps: 384989, Energy: 0.95, Reward: 4617.06
[1h7m] Steps: 390824, Energy: 0.95, Reward: 4688.28
[1h8m] Steps: 396656, Energy: 0.96, Reward: 4759.48
[1h9m] Steps: 402493, Energy: 0.96, Reward: 4830.73
[1h10m] Steps: 408329, Energy: 0.96, Reward: 4901.97
[1h11m] Steps: 414160, Energy: 0.97, Reward: 4973.15
[1h12m] Steps: 419995, Energy: 0.97, Reward: 5044.38
[1h13m] Steps: 425827, Energy: 0.97, Reward: 5115.57
[1h14m] Steps: 431657, Energy: 0.98, Reward: 5186.73
[1h15m] Steps: 437491, Energy: 0.98, Reward: 5257.95
[1h16m] Steps: 443314, Energy: 0.98, Reward: 5329.03
[1h17m] Steps: 449151, Energy: 0.98, Reward: 5400.28
[1h18m] Steps: 454984, Energy: 0.98, Reward: 5471.49
[1h19m] Steps: 460817, Energy: 0.99, Reward: 5542.69
[1h20m] Steps: 466646, Energy: 0.99, Reward: 5613.85
[1h21m] Steps: 472483, Energy: 0.99, Reward: 5685.10
[1h22m] Steps: 478312, Energy: 0.99, Reward: 5756.25
[1h23m] Steps: 484149, Energy: 0.99, Reward: 5827.51
[1h24m] Steps: 489981, Energy: 0.99, Reward: 5898.70
[1h25m] Steps: 495816, Energy: 1.00, Reward: 5969.93
[1h26m] Steps: 501649, Energy: 1.00, Reward: 6041.13
[1h27m] Steps: 507488, Energy: 1.00, Reward: 6112.41
[1h28m] Steps: 513322, Energy: 1.00, Reward: 6183.62
[1h29m] Steps: 519155, Energy: 1.00, Reward: 6254.83
[1h30m] Steps: 524991, Energy: 1.00, Reward: 6326.07
[1h31m] Steps: 530823, Energy: 1.00, Reward: 6397.26
[1h32m] Steps: 536655, Energy: 1.00, Reward: 6468.45
[1h33m] Steps: 542490, Energy: 1.00, Reward: 6539.68
[1h34m] Steps: 548324, Energy: 1.00, Reward: 6610.89
[1h35m] Steps: 554159, Energy: 1.00, Reward: 6682.12
[1h36m] Steps: 559992, Energy: 1.00, Reward: 6753.32
[1h37m] Steps: 565828, Energy: 1.00, Reward: 6824.56
[1h38m] Steps: 571664, Energy: 1.00, Reward: 6895.80
[1h39m] Steps: 577500, Energy: 1.00, Reward: 6967.04
[1h40m] Steps: 583335, Energy: 1.00, Reward: 7038.27
[1h41m] Steps: 589153, Energy: 0.99, Reward: 7109.29
[1h42m] Steps: 594991, Energy: 0.99, Reward: 7180.56
[1h43m] Steps: 600821, Energy: 0.99, Reward: 7251.72
[1h44m] Steps: 606659, Energy: 0.99, Reward: 7322.99
[1h45m] Steps: 612497, Energy: 0.99, Reward: 7394.25
[1h46m] Steps: 618330, Energy: 0.99, Reward: 7465.46
[1h47m] Steps: 624162, Energy: 0.99, Reward: 7536.65
[1h48m] Steps: 629996, Energy: 0.98, Reward: 7607.86
[1h49m] Steps: 635828, Energy: 0.98, Reward: 7679.06
[1h50m] Steps: 641663, Energy: 0.98, Reward: 7750.28
[1h51m] Steps: 647494, Energy: 0.98, Reward: 7821.46
[1h52m] Steps: 653324, Energy: 0.97, Reward: 7892.63
[1h53m] Steps: 659162, Energy: 0.97, Reward: 7963.90
[1h54m] Steps: 664996, Energy: 0.97, Reward: 8035.11
[1h55m] Steps: 670832, Energy: 0.96, Reward: 8106.35
[1h56m] Steps: 676669, Energy: 0.96, Reward: 8177.60
[1h57m] Steps: 682498, Energy: 0.96, Reward: 8246.49
[1h58m] Steps: 688334, Energy: 0.95, Reward: 8314.88
[1h59m] Steps: 694170, Energy: 0.95, Reward: 8383.27
[2h0m] Steps: 700001, Energy: 0.95, Reward: 8451.60
[2h1m] Steps: 705826, Energy: 0.94, Reward: 8519.86
[2h2m] Steps: 711657, Energy: 0.94, Reward: 8588.20
[2h3m] Steps: 717490, Energy: 0.93, Reward: 8656.55
[2h4m] Steps: 723321, Energy: 0.93, Reward: 8724.88
[2h5m] Steps: 729158, Energy: 0.93, Reward: 8793.29
[2h6m] Steps: 734982, Energy: 0.92, Reward: 8861.54
[2h7m] Steps: 740813, Energy: 0.92, Reward: 8929.87
[2h8m] Steps: 746649, Energy: 0.91, Reward: 8998.26
[2h9m] Steps: 752484, Energy: 0.91, Reward: 9066.64
[2h10m] Steps: 758322, Energy: 0.90, Reward: 9135.05
[2h11m] Steps: 764153, Energy: 0.90, Reward: 9203.38
[2h12m] Steps: 769985, Energy: 0.89, Reward: 9271.73
[2h13m] Steps: 775814, Energy: 0.89, Reward: 9340.04
[2h14m] Steps: 781652, Energy: 0.88, Reward: 9408.45
[2h15m] Steps: 787486, Energy: 0.88, Reward: 9476.82
[2h16m] Steps: 793324, Energy: 0.87, Reward: 9545.23
[2h17m] Steps: 799161, Energy: 0.86, Reward: 9613.63
[2h18m] Steps: 804995, Energy: 0.86, Reward: 9682.00
[2h19m] Steps: 810835, Energy: 0.85, Reward: 9750.44
[2h20m] Steps: 816669, Energy: 0.85, Reward: 9818.80
[2h21m] Steps: 822504, Energy: 0.84, Reward: 9887.18
[2h22m] Steps: 828333, Energy: 0.83, Reward: 9955.49
[2h23m] Steps: 834163, Energy: 0.83, Reward: 10023.81
[2h24m] Steps: 840000, Energy: 0.82, Reward: 10092.21
[2h25m] Steps: 845823, Energy: 0.81, Reward: 10160.45
[2h26m] Steps: 851658, Energy: 0.81, Reward: 10228.83
[2h27m] Steps: 857474, Energy: 0.80, Reward: 10296.99
[2h28m] Steps: 863306, Energy: 0.79, Reward: 10365.33
[2h29m] Steps: 869141, Energy: 0.79, Reward: 10433.71
[2h30m] Steps: 874974, Energy: 0.78, Reward: 10502.07
[2h31m] Steps: 880806, Energy: 0.77, Reward: 10570.41
[2h32m] Steps: 886639, Energy: 0.77, Reward: 10638.77
[2h33m] Steps: 892478, Energy: 0.76, Reward: 10707.19
[2h34m] Steps: 898309, Energy: 0.75, Reward: 10775.52
[2h35m] Steps: 904145, Energy: 0.74, Reward: 10843.91
[2h36m] Steps: 909981, Energy: 0.74, Reward: 10912.30
[2h37m] Steps: 915820, Energy: 0.73, Reward: 10980.73
[2h38m] Steps: 921657, Energy: 0.72, Reward: 11049.13
[2h39m] Steps: 927489, Energy: 0.71, Reward: 11117.48
[2h40m] Steps: 933322, Energy: 0.71, Reward: 11185.83
[2h41m] Steps: 939155, Energy: 0.70, Reward: 11254.19
[2h42m] Steps: 944988, Energy: 0.69, Reward: 11322.54
[2h43m] Steps: 950815, Energy: 0.68, Reward: 11390.83
[2h44m] Steps: 956651, Energy: 0.68, Reward: 11459.22
[2h45m] Steps: 962488, Energy: 0.67, Reward: 11527.62
[2h46m] Steps: 968324, Energy: 0.66, Reward: 11596.01
[2h47m] Steps: 974161, Energy: 0.65, Reward: 11664.41
[2h48m] Steps: 979991, Energy: 0.64, Reward: 11732.73
[2h49m] Steps: 985818, Energy: 0.64, Reward: 11801.02
[2h50m] Steps: 991647, Energy: 0.63, Reward: 11869.33
[2h51m] Steps: 997482, Energy: 0.62, Reward: 11937.71
[2h52m] Steps: 1003315, Energy: 0.61, Reward: 12006.06
[2h53m] Steps: 1009148, Energy: 0.60, Reward: 12074.42
[2h54m] Steps: 1014979, Energy: 0.59, Reward: 12142.75
[2h55m] Steps: 1020817, Energy: 0.59, Reward: 12211.16
[2h56m] Steps: 1026651, Energy: 0.58, Reward: 12279.53
[2h57m] Steps: 1032477, Energy: 0.57, Reward: 12347.80
[2h58m] Steps: 1038302, Energy: 0.56, Reward: 12416.07
[2h59m] Steps: 1044128, Energy: 0.55, Reward: 12484.34
[3h0m] Steps: 1049954, Energy: 0.54, Reward: 12552.61
[3h1m] Steps: 1055784, Energy: 0.54, Reward: 12620.93
[3h2m] Steps: 1061615, Energy: 0.53, Reward: 12689.27
[3h3m] Steps: 1067443, Energy: 0.52, Reward: 12757.56
[3h4m] Steps: 1073272, Energy: 0.51, Reward: 12825.87
[3h5m] Steps: 1079101, Energy: 0.50, Reward: 12894.18
[3h6m] Steps: 1084931, Energy: 0.49, Reward: 12962.50
[3h7m] Steps: 1090757, Energy: 0.48, Reward: 13030.77
[3h8m] Steps: 1096596, Energy: 0.48, Reward: 13099.20
[3h9m] Steps: 1102431, Energy: 0.47, Reward: 13167.58
[3h10m] Steps: 1108261, Energy: 0.46, Reward: 13235.90
[3h11m] Steps: 1114089, Energy: 0.45, Reward: 13304.20
[3h12m] Steps: 1119915, Energy: 0.44, Reward: 13372.47
[3h13m] Steps: 1125742, Energy: 0.43, Reward: 13440.75
[3h14m] Steps: 1131571, Energy: 0.43, Reward: 13509.06
[3h15m] Steps: 1137402, Energy: 0.42, Reward: 13577.39
[3h16m] Steps: 1143236, Energy: 0.41, Reward: 13645.76
[3h17m] Steps: 1149067, Energy: 0.40, Reward: 13714.09
[3h18m] Steps: 1154898, Energy: 0.39, Reward: 13782.43
[3h19m] Steps: 1160721, Energy: 0.38, Reward: 13850.66
[3h20m] Steps: 1166551, Energy: 0.38, Reward: 13918.98
[3h21m] Steps: 1172382, Energy: 0.37, Reward: 13987.32
[3h22m] Steps: 1178217, Energy: 0.36, Reward: 14055.70
[3h23m] Steps: 1184043, Energy: 0.35, Reward: 14123.97
[3h24m] Steps: 1189871, Energy: 0.34, Reward: 14192.27
[3h25m] Steps: 1195694, Energy: 0.33, Reward: 14260.50
[3h26m] Steps: 1201527, Energy: 0.33, Reward: 14328.86
[3h27m] Steps: 1207366, Energy: 0.32, Reward: 14397.29
[3h28m] Steps: 1213198, Energy: 0.31, Reward: 14465.63
[3h29m] Steps: 1219025, Energy: 0.30, Reward: 14533.91
[3h30m] Steps: 1224858, Energy: 0.30, Reward: 14602.27
[3h31m] Steps: 1230686, Energy: 0.29, Reward: 14670.57
[3h32m] Steps: 1236524, Energy: 0.28, Reward: 14738.98
[3h33m] Steps: 1242360, Energy: 0.27, Reward: 14807.37
[3h34m] Steps: 1248190, Energy: 0.27, Reward: 14875.69
[3h35m] Steps: 1254024, Energy: 0.26, Reward: 14944.06
[3h36m] Steps: 1259853, Energy: 0.25, Reward: 15012.37
[3h37m] Steps: 1265686, Energy: 0.24, Reward: 15080.72
[3h38m] Steps: 1271516, Energy: 0.24, Reward: 15149.04
[3h39m] Steps: 1277347, Energy: 0.23, Reward: 15217.38
[3h40m] Steps: 1283177, Energy: 0.22, Reward: 15285.70
[3h41m] Steps: 1289009, Energy: 0.21, Reward: 15354.04
[3h42m] Steps: 1294837, Energy: 0.21, Reward: 15422.34
[3h43m] Steps: 1300668, Energy: 0.20, Reward: 15490.67
[3h44m] Steps: 1306497, Energy: 0.19, Reward: 15558.98
[3h45m] Steps: 1312333, Energy: 0.19, Reward: 15627.37
[3h46m] Steps: 1318163, Energy: 0.18, Reward: 15695.69
[3h47m] Steps: 1323932, Energy: 0.17, Reward: 15763.29
[3h48m] Steps: 1329767, Energy: 0.17, Reward: 15831.67
[3h49m] Steps: 1335603, Energy: 0.16, Reward: 15900.06
[3h50m] Steps: 1341444, Energy: 0.16, Reward: 15968.51
[3h51m] Steps: 1347283, Energy: 0.15, Reward: 16036.94
[3h52m] Steps: 1353116, Energy: 0.14, Reward: 16105.29
[3h53m] Steps: 1358956, Energy: 0.14, Reward: 16173.73
[3h54m] Steps: 1364782, Energy: 0.13, Reward: 16242.00
[3h55m] Steps: 1370611, Energy: 0.13, Reward: 16310.31
[3h56m] Steps: 1376443, Energy: 0.12, Reward: 16378.66
[3h57m] Steps: 1382280, Energy: 0.11, Reward: 16447.06
[3h58m] Steps: 1388116, Energy: 0.11, Reward: 16515.45
[3h59m] Steps: 1393957, Energy: 0.10, Reward: 16583.90
[4h0m] Steps: 1399800, Energy: 0.10, Reward: 16652.37
[4h1m] Steps: 1405639, Energy: 0.09, Reward: 16720.80
[4h2m] Steps: 1411476, Energy: 0.09, Reward: 16789.20
[4h3m] Steps: 1417313, Energy: 0.08, Reward: 16857.60
[4h4m] Steps: 1423149, Energy: 0.08, Reward: 16925.99
[4h5m] Steps: 1428988, Energy: 0.08, Reward: 16994.42
[4h6m] Steps: 1434825, Energy: 0.07, Reward: 17062.82
[4h7m] Steps: 1440656, Energy: 0.07, Reward: 17131.15
[4h8m] Steps: 1446493, Energy: 0.06, Reward: 17199.55
[4h9m] Steps: 1452334, Energy: 0.06, Reward: 17268.00
[4h10m] Steps: 1458179, Energy: 0.05, Reward: 17336.50
[4h11m] Steps: 1464024, Energy: 0.05, Reward: 17405.00
[4h12m] Steps: 1469860, Energy: 0.05, Reward: 17473.39
[4h13m] Steps: 1475697, Energy: 0.04, Reward: 17541.79
[4h14m] Steps: 1481530, Energy: 0.04, Reward: 17610.14
[4h15m] Steps: 1487364, Energy: 0.04, Reward: 17678.51
[4h16m] Steps: 1493200, Energy: 0.03, Reward: 17746.90
[4h17m] Steps: 1499039, Energy: 0.03, Reward: 17815.33
[4h18m] Steps: 1504875, Energy: 0.03, Reward: 17883.72
[4h19m] Steps: 1510711, Energy: 0.03, Reward: 17952.11
[4h20m] Steps: 1516550, Energy: 0.02, Reward: 18020.54
[4h21m] Steps: 1522389, Energy: 0.02, Reward: 18088.96
[4h22m] Steps: 1528226, Energy: 0.02, Reward: 18157.36
[4h23m] Steps: 1534064, Energy: 0.02, Reward: 18225.78
[4h24m] Steps: 1539904, Energy: 0.01, Reward: 18294.21
[4h25m] Steps: 1545738, Energy: 0.01, Reward: 18362.58
[4h26m] Steps: 1551575, Energy: 0.01, Reward: 18430.98
[4h27m] Steps: 1557408, Energy: 0.01, Reward: 18499.34
[4h28m] Steps: 1563243, Energy: 0.01, Reward: 18567.72
[4h29m] Steps: 1569075, Energy: 0.01, Reward: 18636.06
[4h30m] Steps: 1574905, Energy: 0.00, Reward: 18704.38
[4h31m] Steps: 1580740, Energy: 0.00, Reward: 18772.76
[4h32m] Steps: 1586570, Energy: 0.00, Reward: 18841.08
[4h33m] Steps: 1592410, Energy: 0.00, Reward: 18909.52
[4h34m] Steps: 1598249, Energy: 0.00, Reward: 18977.95
[4h35m] Steps: 1604084, Energy: 0.00, Reward: 19046.32
[4h36m] Steps: 1609915, Energy: 0.00, Reward: 19114.66
[4h37m] Steps: 1615748, Energy: 0.00, Reward: 19183.01
[4h38m] Steps: 1621578, Energy: 0.00, Reward: 19251.33
[4h39m] Steps: 1627414, Energy: 0.00, Reward: 19319.72
[4h40m] Steps: 1633250, Energy: 0.00, Reward: 19388.11
[4h41m] Steps: 1639082, Energy: 0.00, Reward: 19456.46
[4h42m] Steps: 1644913, Energy: 0.00, Reward: 19524.79
[4h43m] Steps: 1650742, Energy: 0.00, Reward: 19593.10
[4h44m] Steps: 1656573, Energy: 0.00, Reward: 19661.43
[4h45m] Steps: 1662410, Energy: 0.00, Reward: 19729.83
[4h46m] Steps: 1668248, Energy: 0.00, Reward: 19798.25
[4h47m] Steps: 1674087, Energy: 0.01, Reward: 19866.67
[4h48m] Steps: 1679921, Energy: 0.01, Reward: 19935.04
[4h49m] Steps: 1685760, Energy: 0.01, Reward: 20003.46
[4h50m] Steps: 1691602, Energy: 0.01, Reward: 20071.93
[4h51m] Steps: 1697440, Energy: 0.01, Reward: 20140.34
[4h52m] Steps: 1703284, Energy: 0.01, Reward: 20208.82
[4h53m] Steps: 1709115, Energy: 0.02, Reward: 20277.16
[4h54m] Steps: 1714949, Energy: 0.02, Reward: 20345.52
[4h55m] Steps: 1720784, Energy: 0.02, Reward: 20413.90
[4h56m] Steps: 1726622, Energy: 0.02, Reward: 20482.32
[4h57m] Steps: 1732464, Energy: 0.03, Reward: 20550.78
[4h58m] Steps: 1738300, Energy: 0.03, Reward: 20619.17
[4h59m] Steps: 1744134, Energy: 0.03, Reward: 20687.54
[5h0m] Steps: 1749970, Energy: 0.04, Reward: 20755.93
[5h1m] Steps: 1755802, Energy: 0.04, Reward: 20824.27
[5h2m] Steps: 1761639, Energy: 0.04, Reward: 20892.67
[5h3m] Steps: 1767469, Energy: 0.05, Reward: 20960.99
[5h4m] Steps: 1773301, Energy: 0.05, Reward: 21029.34
[5h5m] Steps: 1779136, Energy: 0.05, Reward: 21097.71
[5h6m] Steps: 1784970, Energy: 0.06, Reward: 21166.08
[5h7m] Steps: 1790805, Energy: 0.06, Reward: 21234.46
[5h8m] Steps: 1796645, Energy: 0.06, Reward: 21302.90
[5h9m] Steps: 1802466, Energy: 0.07, Reward: 21371.11
[5h10m] Steps: 1808267, Energy: 0.07, Reward: 21439.09
[5h11m] Steps: 1814109, Energy: 0.08, Reward: 21507.55
[5h12m] Steps: 1819958, Energy: 0.08, Reward: 21576.10
[5h13m] Steps: 1825806, Energy: 0.09, Reward: 21644.63
[5h14m] Steps: 1831653, Energy: 0.09, Reward: 21713.15
[5h15m] Steps: 1837496, Energy: 0.10, Reward: 21781.62
[5h16m] Steps: 1843342, Energy: 0.10, Reward: 21850.13
[5h17m] Steps: 1849192, Energy: 0.11, Reward: 21918.68
[5h18m] Steps: 1855044, Energy: 0.11, Reward: 21987.26
[5h19m] Steps: 1860896, Energy: 0.12, Reward: 22055.84
[5h20m] Steps: 1866747, Energy: 0.12, Reward: 22124.41
[5h21m] Steps: 1872597, Energy: 0.13, Reward: 22192.96
[5h22m] Steps: 1878440, Energy: 0.13, Reward: 22261.43
[5h23m] Steps: 1884287, Energy: 0.14, Reward: 22329.95
[5h24m] Steps: 1890138, Energy: 0.15, Reward: 22398.52
[5h25m] Steps: 1895991, Energy: 0.15, Reward: 22467.11
[5h26m] Steps: 1901837, Energy: 0.16, Reward: 22535.62
[5h27m] Steps: 1907687, Energy: 0.17, Reward: 22604.17
[5h28m] Steps: 1913529, Energy: 0.17, Reward: 22672.63
[5h29m] Steps: 1919377, Energy: 0.18, Reward: 22741.16
[5h30m] Steps: 1925224, Energy: 0.18, Reward: 22809.68
[5h31m] Steps: 1931072, Energy: 0.19, Reward: 22878.21
[5h32m] Steps: 1936924, Energy: 0.20, Reward: 22946.79
[5h33m] Steps: 1942771, Energy: 0.20, Reward: 23015.31
[5h34m] Steps: 1948614, Energy: 0.21, Reward: 23083.79
[5h35m] Steps: 1954459, Energy: 0.22, Reward: 23152.28
[5h36m] Steps: 1960303, Energy: 0.23, Reward: 23220.77
[5h37m] Steps: 1966150, Energy: 0.23, Reward: 23289.29
[5h38m] Steps: 1971999, Energy: 0.24, Reward: 23357.83
[5h39m] Steps: 1977846, Energy: 0.25, Reward: 23426.35
[5h40m] Steps: 1983689, Energy: 0.25, Reward: 23494.82
[5h41m] Steps: 1989537, Energy: 0.26, Reward: 23563.35
[5h42m] Steps: 1995389, Energy: 0.27, Reward: 23631.93
[5h43m] Steps: 2001232, Energy: 0.28, Reward: 23700.40
[5h44m] Steps: 2007079, Energy: 0.28, Reward: 23768.92
[5h45m] Steps: 2012918, Energy: 0.29, Reward: 23837.35
[5h46m] Steps: 2018755, Energy: 0.30, Reward: 23905.75
[5h47m] Steps: 2024600, Energy: 0.31, Reward: 23974.25
[5h48m] Steps: 2030442, Energy: 0.32, Reward: 24042.71
[5h49m] Steps: 2036287, Energy: 0.32, Reward: 24111.20
[5h50m] Steps: 2042132, Energy: 0.33, Reward: 24179.70
[5h51m] Steps: 2047975, Energy: 0.34, Reward: 24248.17
[5h52m] Steps: 2053820, Energy: 0.35, Reward: 24316.67
[5h53m] Steps: 2059664, Energy: 0.36, Reward: 24385.15
[5h54m] Steps: 2065539, Energy: 0.36, Reward: 24454.00
[5h55m] Steps: 2071423, Energy: 0.37, Reward: 24522.95
[5h56m] Steps: 2077310, Energy: 0.38, Reward: 24591.94
[5h57m] Steps: 2083194, Energy: 0.39, Reward: 24660.89
[5h58m] Steps: 2089084, Energy: 0.40, Reward: 24729.92
[5h59m] Steps: 2094969, Energy: 0.41, Reward: 24798.88

✅ HETERO COMPLETE: 2100850 steps, reward: 24867.80
