============================================================
ATLAS-HEC MNIST Certification Test
============================================================

Target: MNIST Accuracy >95%
Baseline: C3 Conjecture Verification (96.44%)

Generating synthetic MNIST data...
  Train: 2000 images
  Test: 500 images

Initializing Superbrain...

Random baseline test...
  Random accuracy: 12.20%

Training (reward-modulated)...
  Epoch  1/20: Train=10.0%, Test=10.0%
  Epoch  6/20: Train=10.0%, Test=10.0%
  Epoch 11/20: Train=10.0%, Test=10.0%
  Epoch 16/20: Train=10.0%, Test=10.0%
  Epoch 20/20: Train=10.0%, Test=10.0%

============================================================
Certification Results
============================================================
  Random Baseline:   12.20%
  Final Accuracy:    10.00%

  Target (>95%):     FAIL

  Benchmark Comparison:
    C3 Conjecture:   96.44%
    Atlas-HEC:       10.00%

  Total Time: 0.98 seconds

Architecture adjustment needed.
============================================================
