⚡ REAL 6-HOUR BURN STARTED
PID: 1463035
Time: 1772966887
✅ GPU HEC Initialized: 10000 neurons
[0h1m] Steps: 5801
[0h2m] Steps: 11693
[0h3m] Steps: 17581
[0h4m] Steps: 23468
[0h5m] Steps: 29360
[0h6m] Steps: 35253
[0h7m] Steps: 41134
[0h8m] Steps: 46965
[0h9m] Steps: 52803
[0h10m] Steps: 58635
[0h11m] Steps: 64474
[0h12m] Steps: 70306
[0h13m] Steps: 76142
[0h14m] Steps: 81982
[0h15m] Steps: 87819
[0h16m] Steps: 93649
[0h17m] Steps: 99482
[0h18m] Steps: 105310
[0h19m] Steps: 111140
[0h20m] Steps: 116975
[0h21m] Steps: 122813
[0h22m] Steps: 128646
[0h23m] Steps: 134471
[0h24m] Steps: 140305
[0h25m] Steps: 146143
[0h26m] Steps: 151978
[0h27m] Steps: 157814
[0h28m] Steps: 163644
[0h29m] Steps: 169478
[0h30m] Steps: 175310
[0h31m] Steps: 181137
[0h32m] Steps: 186970
[0h33m] Steps: 192806
[0h34m] Steps: 198633
[0h35m] Steps: 204474
[0h36m] Steps: 210311
[0h37m] Steps: 216149
[0h38m] Steps: 221986
[0h39m] Steps: 227818
[0h40m] Steps: 233645
[0h41m] Steps: 239483
[0h42m] Steps: 245313
[0h43m] Steps: 251137
[0h44m] Steps: 256976
[0h45m] Steps: 262810
[0h46m] Steps: 268651
[0h47m] Steps: 274486
[0h48m] Steps: 280317
[0h49m] Steps: 286149
[0h50m] Steps: 291990
[0h51m] Steps: 297819
[0h52m] Steps: 303654
[0h53m] Steps: 309486
[0h54m] Steps: 315321
[0h55m] Steps: 321158
[0h56m] Steps: 326994
[0h57m] Steps: 332826
[0h58m] Steps: 338661
[0h59m] Steps: 344490
[1h0m] Steps: 350325
[1h1m] Steps: 356164
[1h2m] Steps: 362000
[1h3m] Steps: 367837
[1h4m] Steps: 373674
[1h5m] Steps: 379508
[1h6m] Steps: 385346
[1h7m] Steps: 391182
[1h8m] Steps: 397013
[1h9m] Steps: 402851
[1h10m] Steps: 408683
[1h11m] Steps: 414515
[1h12m] Steps: 420351
[1h13m] Steps: 426188
[1h14m] Steps: 432020
[1h15m] Steps: 437851
[1h16m] Steps: 443690
[1h17m] Steps: 449525
[1h18m] Steps: 455358
[1h19m] Steps: 461194
[1h20m] Steps: 467024
[1h21m] Steps: 472853
[1h22m] Steps: 478688
[1h23m] Steps: 484513
[1h24m] Steps: 490351
[1h25m] Steps: 496184
[1h26m] Steps: 502018
[1h27m] Steps: 507848
[1h28m] Steps: 513684
[1h29m] Steps: 519515
[1h30m] Steps: 525352
[1h31m] Steps: 531183
[1h32m] Steps: 537018
[1h33m] Steps: 542852
[1h34m] Steps: 548690
[1h35m] Steps: 554526
[1h36m] Steps: 560360
[1h37m] Steps: 566194
[1h38m] Steps: 572027
[1h39m] Steps: 577861
[1h40m] Steps: 583693
[1h41m] Steps: 589527
[1h42m] Steps: 595362
[1h43m] Steps: 601199
[1h44m] Steps: 607034
[1h45m] Steps: 612868
[1h46m] Steps: 618706
[1h47m] Steps: 624540
[1h48m] Steps: 630358
[1h49m] Steps: 636199
[1h50m] Steps: 642030
[1h51m] Steps: 647867
[1h52m] Steps: 653706
[1h53m] Steps: 659538
[1h54m] Steps: 665371
[1h55m] Steps: 671203
[1h56m] Steps: 677038
[1h57m] Steps: 682874
[1h58m] Steps: 688703
[1h59m] Steps: 694532
[2h0m] Steps: 700372
[2h1m] Steps: 706204
[2h2m] Steps: 712043
[2h3m] Steps: 717880
[2h4m] Steps: 723710
[2h5m] Steps: 729546
[2h6m] Steps: 735381
[2h7m] Steps: 741211
[2h8m] Steps: 747037
[2h9m] Steps: 752867
[2h10m] Steps: 758701
[2h11m] Steps: 764531
[2h12m] Steps: 770370
[2h13m] Steps: 776193
[2h14m] Steps: 782024
[2h15m] Steps: 787861
[2h16m] Steps: 793697
[2h17m] Steps: 799531
[2h18m] Steps: 805363
[2h19m] Steps: 811198
[2h20m] Steps: 817028
[2h21m] Steps: 822866
[2h22m] Steps: 828698
[2h23m] Steps: 834538
[2h24m] Steps: 840374
[2h25m] Steps: 846210
[2h26m] Steps: 852047
[2h27m] Steps: 857882
[2h28m] Steps: 863713
[2h29m] Steps: 869541
[2h30m] Steps: 875377
[2h31m] Steps: 881214
[2h32m] Steps: 887038
[2h33m] Steps: 892876
[2h34m] Steps: 898691
[2h35m] Steps: 904522
[2h36m] Steps: 910357
[2h37m] Steps: 916190
[2h38m] Steps: 922024
[2h39m] Steps: 927859
[2h40m] Steps: 933697
[2h41m] Steps: 939528
[2h42m] Steps: 945364
[2h43m] Steps: 951201
[2h44m] Steps: 957039
[2h45m] Steps: 962876
[2h46m] Steps: 968709
[2h47m] Steps: 974542
[2h48m] Steps: 980377
[2h49m] Steps: 986210
[2h50m] Steps: 992037
[2h51m] Steps: 997875
[2h52m] Steps: 1003714
[2h53m] Steps: 1009549
[2h54m] Steps: 1015389
[2h55m] Steps: 1021219
[2h56m] Steps: 1027043
[2h57m] Steps: 1032875
[2h58m] Steps: 1038708
[2h59m] Steps: 1044546
[3h0m] Steps: 1050378
[3h1m] Steps: 1056211
[3h2m] Steps: 1062049
[3h3m] Steps: 1067884
[3h4m] Steps: 1073708
[3h5m] Steps: 1079532
[3h6m] Steps: 1085359
[3h7m] Steps: 1091185
[3h8m] Steps: 1097015
[3h9m] Steps: 1102847
[3h10m] Steps: 1108673
[3h11m] Steps: 1114505
[3h12m] Steps: 1120335
[3h13m] Steps: 1126164
[3h14m] Steps: 1131993
[3h15m] Steps: 1137829
[3h16m] Steps: 1143666
[3h17m] Steps: 1149494
[3h18m] Steps: 1155321
[3h19m] Steps: 1161150
[3h20m] Steps: 1166977
[3h21m] Steps: 1172806
[3h22m] Steps: 1178638
[3h23m] Steps: 1184474
[3h24m] Steps: 1190305
[3h25m] Steps: 1196132
[3h26m] Steps: 1201958
[3h27m] Steps: 1207787
[3h28m] Steps: 1213621
[3h29m] Steps: 1219452
[3h30m] Steps: 1225279
[3h31m] Steps: 1231107
[3h32m] Steps: 1236930
[3h33m] Steps: 1242766
[3h34m] Steps: 1248603
[3h35m] Steps: 1254434
[3h36m] Steps: 1260261
[3h37m] Steps: 1266094
[3h38m] Steps: 1271924
[3h39m] Steps: 1277762
[3h40m] Steps: 1283596
[3h41m] Steps: 1289428
[3h42m] Steps: 1295260
[3h43m] Steps: 1301091
[3h44m] Steps: 1306924
[3h45m] Steps: 1312755
[3h46m] Steps: 1318585
[3h47m] Steps: 1324417
[3h48m] Steps: 1330247
[3h49m] Steps: 1336077
[3h50m] Steps: 1341907
[3h51m] Steps: 1347739
[3h52m] Steps: 1353578
[3h53m] Steps: 1359404
[3h54m] Steps: 1365184
[3h55m] Steps: 1371018
[3h56m] Steps: 1376855
[3h57m] Steps: 1382698
[3h58m] Steps: 1388535
[3h59m] Steps: 1394368
[4h0m] Steps: 1400207
[4h1m] Steps: 1406037
[4h2m] Steps: 1411865
[4h3m] Steps: 1417696
[4h4m] Steps: 1423534
[4h5m] Steps: 1429372
[4h6m] Steps: 1435212
[4h7m] Steps: 1441057
[4h8m] Steps: 1446895
[4h9m] Steps: 1452733
[4h10m] Steps: 1458572
[4h11m] Steps: 1464406
[4h12m] Steps: 1470247
[4h13m] Steps: 1476082
[4h14m] Steps: 1481915
[4h15m] Steps: 1487752
[4h16m] Steps: 1493593
[4h17m] Steps: 1499440
[4h18m] Steps: 1505282
[4h19m] Steps: 1511120
[4h20m] Steps: 1516955
[4h21m] Steps: 1522789
[4h22m] Steps: 1528625
[4h23m] Steps: 1534461
[4h24m] Steps: 1540299
[4h25m] Steps: 1546137
[4h26m] Steps: 1551972
[4h27m] Steps: 1557810
[4h28m] Steps: 1563652
[4h29m] Steps: 1569490
[4h30m] Steps: 1575327
[4h31m] Steps: 1581166
[4h32m] Steps: 1587000
[4h33m] Steps: 1592838
[4h34m] Steps: 1598673
[4h35m] Steps: 1604506
[4h36m] Steps: 1610337
[4h37m] Steps: 1616168
[4h38m] Steps: 1622002
[4h39m] Steps: 1627834
[4h40m] Steps: 1633674
[4h41m] Steps: 1639511
[4h42m] Steps: 1645347
[4h43m] Steps: 1651177
[4h44m] Steps: 1657013
[4h45m] Steps: 1662843
[4h46m] Steps: 1668679
[4h47m] Steps: 1674513
[4h48m] Steps: 1680346
[4h49m] Steps: 1686176
[4h50m] Steps: 1692007
[4h51m] Steps: 1697839
[4h52m] Steps: 1703674
[4h53m] Steps: 1709516
[4h54m] Steps: 1715354
[4h55m] Steps: 1721188
[4h56m] Steps: 1727028
[4h57m] Steps: 1732868
[4h58m] Steps: 1738707
[4h59m] Steps: 1744551
[5h0m] Steps: 1750382
[5h1m] Steps: 1756217
[5h2m] Steps: 1762053
[5h3m] Steps: 1767891
[5h4m] Steps: 1773733
[5h5m] Steps: 1779566
[5h6m] Steps: 1785401
[5h7m] Steps: 1791237
[5h8m] Steps: 1797071
[5h9m] Steps: 1802906
[5h10m] Steps: 1808737
[5h11m] Steps: 1814569
[5h12m] Steps: 1820404
[5h13m] Steps: 1826237
[5h14m] Steps: 1832075
[5h15m] Steps: 1837913
[5h16m] Steps: 1843737
[5h17m] Steps: 1849538
[5h18m] Steps: 1855381
[5h19m] Steps: 1861229
[5h20m] Steps: 1867078
[5h21m] Steps: 1872922
[5h22m] Steps: 1878767
[5h23m] Steps: 1884614
[5h24m] Steps: 1890463
[5h25m] Steps: 1896317
[5h26m] Steps: 1902169
[5h27m] Steps: 1908020
[5h28m] Steps: 1913868
[5h29m] Steps: 1919712
[5h30m] Steps: 1925561
[5h31m] Steps: 1931412
[5h32m] Steps: 1937264
[5h33m] Steps: 1943110
[5h34m] Steps: 1948958
[5h35m] Steps: 1954802
[5h36m] Steps: 1960650
[5h37m] Steps: 1966496
[5h38m] Steps: 1972345
[5h39m] Steps: 1978197
[5h40m] Steps: 1984043
[5h41m] Steps: 1989886
[5h42m] Steps: 1995731
[5h43m] Steps: 2001575
[5h44m] Steps: 2007422
[5h45m] Steps: 2013272
[5h46m] Steps: 2019118
[5h47m] Steps: 2024961
[5h48m] Steps: 2030811
[5h49m] Steps: 2036662
[5h50m] Steps: 2042505
[5h51m] Steps: 2048351
[5h52m] Steps: 2054190
[5h53m] Steps: 2060028
[5h54m] Steps: 2065873
[5h55m] Steps: 2071716
[5h56m] Steps: 2077560
[5h57m] Steps: 2083405
[5h58m] Steps: 2089249
[5h59m] Steps: 2095094

✅ BURN COMPLETE
Total steps: 2100934
Total time: 21600 seconds
